[2024-11-26 01:22:19] local.ERROR: Please provide a valid cache path. {"exception":"[object] (InvalidArgumentException(code: 0): Please provide a valid cache path. at C:\\Users\\davil\\OneDrive\\Desktop\\ProyectoFinal\\vendor\\laravel\\framework\\src\\Illuminate\\View\\Compilers\\Compiler.php:67)
[stacktrace]
#0 C:\\Users\\davil\\OneDrive\\Desktop\\ProyectoFinal\\vendor\\laravel\\framework\\src\\Illuminate\\View\\ViewServiceProvider.php(97): Illuminate\\View\\Compilers\\Compiler->__construct()
#1 C:\\Users\\davil\\OneDrive\\Desktop\\ProyectoFinal\\vendor\\laravel\\framework\\src\\Illuminate\\Container\\Container.php(931): Illuminate\\View\\ViewServiceProvider->Illuminate\\View\\{closure}()
#2 C:\\Users\\davil\\OneDrive\\Desktop\\ProyectoFinal\\vendor\\laravel\\framework\\src\\Illuminate\\Container\\Container.php(815): Illuminate\\Container\\Container->build()
#3 C:\\Users\\davil\\OneDrive\\Desktop\\ProyectoFinal\\vendor\\laravel\\framework\\src\\Illuminate\\Foundation\\Application.php(1046): Illuminate\\Container\\Container->resolve()
#4 C:\\Users\\davil\\OneDrive\\Desktop\\ProyectoFinal\\vendor\\laravel\\framework\\src\\Illuminate\\Container\\Container.php(751): Illuminate\\Foundation\\Application->resolve()
#5 C:\\Users\\davil\\OneDrive\\Desktop\\ProyectoFinal\\vendor\\laravel\\framework\\src\\Illuminate\\Foundation\\Application.php(1028): Illuminate\\Container\\Container->make()
#6 C:\\Users\\davil\\OneDrive\\Desktop\\ProyectoFinal\\vendor\\laravel\\framework\\src\\Illuminate\\Container\\Container.php(1559): Illuminate\\Foundation\\Application->make()
#7 C:\\Users\\davil\\OneDrive\\Desktop\\ProyectoFinal\\vendor\\laravel\\framework\\src\\Illuminate\\Support\\Facades\\Facade.php(237): Illuminate\\Container\\Container->offsetGet()
#8 C:\\Users\\davil\\OneDrive\\Desktop\\ProyectoFinal\\vendor\\laravel\\framework\\src\\Illuminate\\Support\\Facades\\Facade.php(208): Illuminate\\Support\\Facades\\Facade::resolveFacadeInstance()
#9 C:\\Users\\davil\\OneDrive\\Desktop\\ProyectoFinal\\vendor\\laravel\\framework\\src\\Illuminate\\Support\\Facades\\Facade.php(352): Illuminate\\Support\\Facades\\Facade::getFacadeRoot()
#10 C:\\Users\\davil\\OneDrive\\Desktop\\ProyectoFinal\\vendor\\livewire\\livewire\\src\\Mechanisms\\FrontendAssets\\FrontendAssets.php(30): Illuminate\\Support\\Facades\\Facade::__callStatic()
#11 C:\\Users\\davil\\OneDrive\\Desktop\\ProyectoFinal\\vendor\\livewire\\livewire\\src\\LivewireServiceProvider.php(77): Livewire\\Mechanisms\\FrontendAssets\\FrontendAssets->boot()
#12 C:\\Users\\davil\\OneDrive\\Desktop\\ProyectoFinal\\vendor\\livewire\\livewire\\src\\LivewireServiceProvider.php(19): Livewire\\LivewireServiceProvider->bootMechanisms()
#13 C:\\Users\\davil\\OneDrive\\Desktop\\ProyectoFinal\\vendor\\laravel\\framework\\src\\Illuminate\\Container\\BoundMethod.php(36): Livewire\\LivewireServiceProvider->boot()
#14 C:\\Users\\davil\\OneDrive\\Desktop\\ProyectoFinal\\vendor\\laravel\\framework\\src\\Illuminate\\Container\\Util.php(43): Illuminate\\Container\\BoundMethod::Illuminate\\Container\\{closure}()
#15 C:\\Users\\davil\\OneDrive\\Desktop\\ProyectoFinal\\vendor\\laravel\\framework\\src\\Illuminate\\Container\\BoundMethod.php(95): Illuminate\\Container\\Util::unwrapIfClosure()
#16 C:\\Users\\davil\\OneDrive\\Desktop\\ProyectoFinal\\vendor\\laravel\\framework\\src\\Illuminate\\Container\\BoundMethod.php(35): Illuminate\\Container\\BoundMethod::callBoundMethod()
#17 C:\\Users\\davil\\OneDrive\\Desktop\\ProyectoFinal\\vendor\\laravel\\framework\\src\\Illuminate\\Container\\Container.php(690): Illuminate\\Container\\BoundMethod::call()
#18 C:\\Users\\davil\\OneDrive\\Desktop\\ProyectoFinal\\vendor\\laravel\\framework\\src\\Illuminate\\Foundation\\Application.php(1119): Illuminate\\Container\\Container->call()
#19 C:\\Users\\davil\\OneDrive\\Desktop\\ProyectoFinal\\vendor\\laravel\\framework\\src\\Illuminate\\Foundation\\Application.php(1100): Illuminate\\Foundation\\Application->bootProvider()
#20 [internal function]: Illuminate\\Foundation\\Application->Illuminate\\Foundation\\{closure}()
#21 C:\\Users\\davil\\OneDrive\\Desktop\\ProyectoFinal\\vendor\\laravel\\framework\\src\\Illuminate\\Foundation\\Application.php(1099): array_walk()
#22 C:\\Users\\davil\\OneDrive\\Desktop\\ProyectoFinal\\vendor\\laravel\\framework\\src\\Illuminate\\Foundation\\Bootstrap\\BootProviders.php(17): Illuminate\\Foundation\\Application->boot()
#23 C:\\Users\\davil\\OneDrive\\Desktop\\ProyectoFinal\\vendor\\laravel\\framework\\src\\Illuminate\\Foundation\\Application.php(316): Illuminate\\Foundation\\Bootstrap\\BootProviders->bootstrap()
#24 C:\\Users\\davil\\OneDrive\\Desktop\\ProyectoFinal\\vendor\\laravel\\framework\\src\\Illuminate\\Foundation\\Console\\Kernel.php(473): Illuminate\\Foundation\\Application->bootstrapWith()
#25 C:\\Users\\davil\\OneDrive\\Desktop\\ProyectoFinal\\vendor\\laravel\\framework\\src\\Illuminate\\Foundation\\Console\\Kernel.php(195): Illuminate\\Foundation\\Console\\Kernel->bootstrap()
#26 C:\\Users\\davil\\OneDrive\\Desktop\\ProyectoFinal\\vendor\\laravel\\framework\\src\\Illuminate\\Foundation\\Application.php(1203): Illuminate\\Foundation\\Console\\Kernel->handle()
#27 C:\\Users\\davil\\OneDrive\\Desktop\\ProyectoFinal\\artisan(13): Illuminate\\Foundation\\Application->handleCommand()
#28 {main}
"} 
